<?xml version="1.0" encoding="UTF-8"?>
<!-- Generated by org.testng.reporters.JUnitXMLReporter -->
<testsuite ignored="0" hostname="Rock" failures="0" tests="2" name="TransactionAmountSortingTest" time="27.233" errors="0" timestamp="2023-06-24T09:37:38 IST">
  <testcase classname="tests.TransactionAmountSortingTest" name="AmountSortingTest" time="10.337"/>
  <testcase classname="tests.TransactionAmountSortingTest" name="AmountSortingTest" time="9.849"/>
</testsuite> <!-- TransactionAmountSortingTest -->
