<?xml version="1.0" encoding="UTF-8"?>
<!-- Generated by org.testng.reporters.JUnitXMLReporter -->
<testsuite ignored="0" hostname="Rock" failures="0" tests="2" name="TransactionAmountSortingTest" time="29.092" errors="0" timestamp="2023-06-24T08:41:17 IST">
  <testcase classname="tests.TransactionAmountSortingTest" name="AmountSortingTest" time="11.051"/>
  <testcase classname="tests.TransactionAmountSortingTest" name="AmountSortingTest" time="10.251"/>
</testsuite> <!-- TransactionAmountSortingTest -->
